0 info it worked if it ends with ok
1 verbose cli [ '/Users/freddyrangel/.nvm/versions/node/v6.3.1/bin/node',
1 verbose cli   '/Users/freddyrangel/.nvm/versions/node/v6.3.1/bin/npm',
1 verbose cli   'start' ]
2 info using npm@3.10.3
3 info using node@v6.3.1
4 verbose run-script [ 'prestart', 'start', 'poststart' ]
5 info lifecycle @~prestart: @
6 silly lifecycle @~prestart: no script for prestart, continuing
7 info lifecycle @~start: @
8 verbose lifecycle @~start: unsafe-perm in lifecycle true
9 verbose lifecycle @~start: PATH: /Users/freddyrangel/.nvm/versions/node/v6.3.1/lib/node_modules/npm/bin/node-gyp-bin:/Users/freddyrangel/repositories/webpack-101/node_modules/.bin:/Users/freddyrangel/.nvm/versions/node/v6.3.1/bin:/Users/freddyrangel/.rvm/gems/ruby-2.2.1/bin:/Users/freddyrangel/.rvm/gems/ruby-2.2.1@global/bin:/Users/freddyrangel/.rvm/rubies/ruby-2.2.1/bin:/Users/freddyrangel/.nvm/versions/node/v6.3.1/bin:/Users/freddyrangel/.gvm/pkgsets/go1.4.2/work/bin:/Users/freddyrangel/.gvm/pkgsets/go1.4.2/work/overlay/bin:/Users/freddyrangel/.gvm/pkgsets/go1.4.2/work/bin:/Users/freddyrangel/.gvm/pkgsets/go1.4.2/global/bin:/Users/freddyrangel/.gvm/gos/go1.4.2/bin:/Users/freddyrangel/.gvm/pkgsets/go1.4.2/global/overlay/bin:/Users/freddyrangel/.gvm/bin:/Users/freddyrangel/.gvm/bin:/usr/local/bin:/usr/bin:/bin:/usr/sbin:/sbin:/Users/freddyrangel/.rvm/gems/ruby-2.2.1/bin:/Users/freddyrangel/.rvm/gems/ruby-2.2.1@global/bin:/Users/freddyrangel/.rvm/rubies/ruby-2.2.1/bin:/Users/freddyrangel/.gvm/pkgsets/go1.4.2/work/bin:/Users/freddyrangel/.gvm/pkgsets/go1.4.2/work/overlay/bin:/Users/freddyrangel/.gvm/pkgsets/go1.4.2/global/bin:/Users/freddyrangel/.gvm/gos/go1.4.2/bin:/Users/freddyrangel/.gvm/pkgsets/go1.4.2/global/overlay/bin:/Users/freddyrangel/.gvm/bin:/Users/freddyrangel/.rvm/bin:/Users/freddyrangel/.rvm/bin
10 verbose lifecycle @~start: CWD: /Users/freddyrangel/repositories/webpack-101
11 silly lifecycle @~start: Args: [ '-c', 'http-server --silent -c-1' ]
12 silly lifecycle @~start: Returned: code: 1  signal: null
13 info lifecycle @~start: Failed to exec start script
14 verbose stack Error: @ start: `http-server --silent -c-1`
14 verbose stack Exit status 1
14 verbose stack     at EventEmitter.<anonymous> (/Users/freddyrangel/.nvm/versions/node/v6.3.1/lib/node_modules/npm/lib/utils/lifecycle.js:242:16)
14 verbose stack     at emitTwo (events.js:106:13)
14 verbose stack     at EventEmitter.emit (events.js:191:7)
14 verbose stack     at ChildProcess.<anonymous> (/Users/freddyrangel/.nvm/versions/node/v6.3.1/lib/node_modules/npm/lib/utils/spawn.js:40:14)
14 verbose stack     at emitTwo (events.js:106:13)
14 verbose stack     at ChildProcess.emit (events.js:191:7)
14 verbose stack     at maybeClose (internal/child_process.js:852:16)
14 verbose stack     at Process.ChildProcess._handle.onexit (internal/child_process.js:215:5)
15 verbose pkgid @
16 verbose cwd /Users/freddyrangel/repositories/webpack-101
17 error Darwin 16.4.0
18 error argv "/Users/freddyrangel/.nvm/versions/node/v6.3.1/bin/node" "/Users/freddyrangel/.nvm/versions/node/v6.3.1/bin/npm" "start"
19 error node v6.3.1
20 error npm  v3.10.3
21 error code ELIFECYCLE
22 error @ start: `http-server --silent -c-1`
22 error Exit status 1
23 error Failed at the @ start script 'http-server --silent -c-1'.
23 error Make sure you have the latest version of node.js and npm installed.
23 error If you do, this is most likely a problem with the  package,
23 error not with npm itself.
23 error Tell the author that this fails on your system:
23 error     http-server --silent -c-1
23 error You can get information on how to open an issue for this project with:
23 error     npm bugs
23 error Or if that isn't available, you can get their info via:
23 error     npm owner ls
23 error There is likely additional logging output above.
24 verbose exit [ 1, true ]
